2026-04-12 19:09:33,179 [RANSOMWALL] INFO  [HoneyFileManager] Deployed 196 honey files across 7 directories.
2026-04-12 19:09:33,183 [RANSOMWALL] INFO  [TrapLayer] Watchdog monitoring 7 dirs.
2026-04-12 19:09:33,185 [RANSOMWALL] INFO  [BehaviorDetector] Started polling loop.
2026-04-12 19:09:33,186 [RANSOMWALL] INFO  [TrapLayer] All subsystems active. Monitoring…
2026-04-12 19:09:33,246 [RANSOMWALL] WARNING  {"ts": "2026-04-12T13:39:33.246030+00:00", "pid": 1812, "operation": "crypto_api_usage", "target": "firefox.exe", "feature": "crypto_api_usage", "score": 1.5, "detail": "bcrypt.dll,crypt32.dll,cryptbase.dll"}
2026-04-12 19:09:33,862 [RANSOMWALL] WARNING  {"ts": "2026-04-12T13:39:33.862587+00:00", "pid": 2148, "operation": "crypto_api_usage", "target": "firefox.exe", "feature": "crypto_api_usage", "score": 1.5, "detail": "bcrypt.dll,crypt32.dll,cryptbase.dll"}
2026-04-12 19:09:34,014 [RANSOMWALL] WARNING  {"ts": "2026-04-12T13:39:34.014607+00:00", "pid": 2216, "operation": "crypto_api_usage", "target": "code.exe", "feature": "crypto_api_usage", "score": 1.5, "detail": "bcrypt.dll,crypt32.dll,cryptbase.dll"}
2026-04-12 19:09:34,526 [RANSOMWALL] WARNING  {"ts": "2026-04-12T13:39:34.526253+00:00", "pid": 3056, "operation": "crypto_api_usage", "target": "omencommandcenterbackground.exe", "feature": "crypto_api_usage", "score": 1.5, "detail": "bcrypt.dll,crypt32.dll,cryptbase.dll,cryptsp.dll,rsaenh.dll"}
2026-04-12 19:09:34,973 [RANSOMWALL] WARNING  {"ts": "2026-04-12T13:39:34.973018+00:00", "pid": 4064, "operation": "crypto_api_usage", "target": "firefox.exe", "feature": "crypto_api_usage", "score": 1.5, "detail": "bcrypt.dll,crypt32.dll,cryptbase.dll"}
2026-04-12 19:09:35,208 [RANSOMWALL] WARNING  {"ts": "2026-04-12T13:39:35.208919+00:00", "pid": 4928, "operation": "crypto_api_usage", "target": "sihost.exe", "feature": "crypto_api_usage", "score": 1.5, "detail": "bcrypt.dll,crypt32.dll,cryptbase.dll"}
2026-04-12 19:09:36,391 [RANSOMWALL] WARNING  {"ts": "2026-04-12T13:39:36.391056+00:00", "pid": 6704, "operation": "crypto_api_usage", "target": "firefox.exe", "feature": "crypto_api_usage", "score": 1.5, "detail": "bcrypt.dll,crypt32.dll,cryptbase.dll,cryptsp.dll"}
2026-04-12 19:09:36,849 [RANSOMWALL] WARNING  {"ts": "2026-04-12T13:39:36.848078+00:00", "pid": 7200, "operation": "crypto_api_usage", "target": "uihost.exe", "feature": "crypto_api_usage", "score": 1.5, "detail": "bcrypt.dll,crypt32.dll,cryptbase.dll,cryptsp.dll,rsaenh.dll"}
2026-04-12 19:09:37,343 [RANSOMWALL] WARNING  {"ts": "2026-04-12T13:39:37.343824+00:00", "pid": 8984, "operation": "crypto_api_usage", "target": "backgroundtaskhost.exe", "feature": "crypto_api_usage", "score": 1.5, "detail": "bcrypt.dll,crypt32.dll,cryptbase.dll"}
2026-04-12 19:09:37,503 [RANSOMWALL] WARNING  {"ts": "2026-04-12T13:39:37.503746+00:00", "pid": 9072, "operation": "crypto_api_usage", "target": "onedrive.exe", "feature": "crypto_api_usage", "score": 1.5, "detail": "bcrypt.dll,crypt32.dll,cryptbase.dll,cryptsp.dll,rsaenh.dll"}
2026-04-12 19:09:37,809 [RANSOMWALL] WARNING  {"ts": "2026-04-12T13:39:37.809094+00:00", "pid": 11288, "operation": "crypto_api_usage", "target": "code.exe", "feature": "crypto_api_usage", "score": 1.5, "detail": "bcrypt.dll,crypt32.dll,cryptbase.dll,cryptsp.dll,rsaenh.dll"}
2026-04-12 19:09:38,018 [RANSOMWALL] WARNING  {"ts": "2026-04-12T13:39:38.018807+00:00", "pid": 11352, "operation": "crypto_api_usage", "target": "hpsystemeventutilityhost.exe", "feature": "crypto_api_usage", "score": 1.5, "detail": "bcrypt.dll,crypt32.dll,cryptbase.dll,cryptsp.dll,rsaenh.dll"}
2026-04-12 19:09:38,150 [RANSOMWALL] WARNING  {"ts": "2026-04-12T13:39:38.150399+00:00", "pid": 12156, "operation": "crypto_api_usage", "target": "hpaudioswitch.exe", "feature": "crypto_api_usage", "score": 1.5, "detail": "bcrypt.dll,crypt32.dll,cryptbase.dll,cryptsp.dll,rsaenh.dll"}
2026-04-12 19:09:38,512 [RANSOMWALL] WARNING  {"ts": "2026-04-12T13:39:38.512710+00:00", "pid": 14560, "operation": "crypto_api_usage", "target": "searchhost.exe", "feature": "crypto_api_usage", "score": 1.5, "detail": "bcrypt.dll,crypt32.dll,cryptbase.dll,cryptsp.dll,rsaenh.dll"}
2026-04-12 19:09:39,382 [RANSOMWALL] WARNING  {"ts": "2026-04-12T13:39:39.382607+00:00", "pid": 17820, "operation": "crypto_api_usage", "target": "firefox.exe", "feature": "crypto_api_usage", "score": 1.5, "detail": "bcrypt.dll,crypt32.dll,cryptbase.dll"}
2026-04-12 19:09:39,714 [RANSOMWALL] WARNING  {"ts": "2026-04-12T13:39:39.714836+00:00", "pid": 18708, "operation": "crypto_api_usage", "target": "hp.hpx.exe", "feature": "crypto_api_usage", "score": 1.5, "detail": "bcrypt.dll,crypt32.dll,cryptbase.dll,cryptsp.dll,rsaenh.dll"}
2026-04-12 19:09:39,873 [RANSOMWALL] INFO  [TrapMonitor] HONEY_DIR_MODIFIED  path=C:\Users\palla\Downloads\__rw_honey__dir  pid=0
2026-04-12 19:09:39,873 [RANSOMWALL] WARNING  {"ts": "2026-04-12T13:39:39.873354+00:00", "pid": 0, "operation": "honey_dir_modified", "target": "C:\\Users\\palla\\Downloads\\__rw_honey__dir", "feature": "honey_dir_modified", "score": 1.5}
2026-04-12 19:09:40,497 [RANSOMWALL] WARNING  {"ts": "2026-04-12T13:39:40.497045+00:00", "pid": 20632, "operation": "crypto_api_usage", "target": "browser_assistant.exe", "feature": "crypto_api_usage", "score": 1.5, "detail": "bcrypt.dll,crypt32.dll,cryptbase.dll,cryptsp.dll,rsaenh.dll"}
2026-04-12 19:09:40,625 [RANSOMWALL] WARNING  {"ts": "2026-04-12T13:39:40.625971+00:00", "pid": 20636, "operation": "crypto_api_usage", "target": "code.exe", "feature": "crypto_api_usage", "score": 1.5, "detail": "bcrypt.dll,crypt32.dll,cryptbase.dll"}
2026-04-12 19:09:40,754 [RANSOMWALL] WARNING  {"ts": "2026-04-12T13:39:40.754649+00:00", "pid": 20932, "operation": "crypto_api_usage", "target": "mcuicnt.exe", "feature": "crypto_api_usage", "score": 1.5, "detail": "bcrypt.dll,crypt32.dll,cryptbase.dll,cryptsp.dll,rsaenh.dll"}
2026-04-12 19:09:41,087 [RANSOMWALL] WARNING  {"ts": "2026-04-12T13:39:41.087492+00:00", "pid": 22772, "operation": "crypto_api_usage", "target": "telegram.exe", "feature": "crypto_api_usage", "score": 1.5, "detail": "bcrypt.dll,crypt32.dll,cryptbase.dll"}
2026-04-12 19:09:41,298 [RANSOMWALL] WARNING  {"ts": "2026-04-12T13:39:41.298430+00:00", "pid": 22812, "operation": "crypto_api_usage", "target": "whatsapp.root.exe", "feature": "crypto_api_usage", "score": 1.5, "detail": "bcrypt.dll,crypt32.dll,cryptbase.dll,cryptsp.dll,rsaenh.dll"}
2026-04-12 19:09:41,610 [RANSOMWALL] WARNING  {"ts": "2026-04-12T13:39:41.610443+00:00", "pid": 22976, "operation": "crypto_api_usage", "target": "widgets.exe", "feature": "crypto_api_usage", "score": 1.5, "detail": "bcrypt.dll,crypt32.dll,cryptbase.dll,cryptsp.dll,rsaenh.dll"}
2026-04-12 19:09:41,753 [RANSOMWALL] WARNING  {"ts": "2026-04-12T13:39:41.753692+00:00", "pid": 23160, "operation": "crypto_api_usage", "target": "unsecapp.exe", "feature": "crypto_api_usage", "score": 1.5, "detail": "bcrypt.dll,crypt32.dll,cryptbase.dll,cryptsp.dll,rsaenh.dll"}
2026-04-12 19:09:41,869 [RANSOMWALL] WARNING  {"ts": "2026-04-12T13:39:41.869362+00:00", "pid": 24024, "operation": "crypto_api_usage", "target": "msedgewebview2.exe", "feature": "crypto_api_usage", "score": 1.5, "detail": "bcrypt.dll,crypt32.dll,cryptbase.dll,cryptsp.dll,rsaenh.dll"}
2026-04-12 19:09:42,334 [RANSOMWALL] WARNING  {"ts": "2026-04-12T13:39:42.334102+00:00", "pid": 24300, "operation": "crypto_api_usage", "target": "modulecoreservice.exe", "feature": "crypto_api_usage", "score": 1.5, "detail": "bcrypt.dll,crypt32.dll,cryptbase.dll,cryptsp.dll,rsaenh.dll"}
2026-04-12 19:09:42,564 [RANSOMWALL] WARNING  {"ts": "2026-04-12T13:39:42.564921+00:00", "pid": 24568, "operation": "crypto_api_usage", "target": "startmenuexperiencehost.exe", "feature": "crypto_api_usage", "score": 1.5, "detail": "bcrypt.dll,crypt32.dll,cryptbase.dll"}
2026-04-12 19:09:42,838 [RANSOMWALL] WARNING  {"ts": "2026-04-12T13:39:42.838901+00:00", "pid": 25472, "operation": "crypto_api_usage", "target": "textinputhost.exe", "feature": "crypto_api_usage", "score": 1.5, "detail": "bcrypt.dll,crypt32.dll,cryptbase.dll"}
2026-04-12 19:09:43,025 [RANSOMWALL] WARNING  {"ts": "2026-04-12T13:39:43.025896+00:00", "pid": 25784, "operation": "crypto_api_usage", "target": "crashhelper.exe", "feature": "crypto_api_usage", "score": 1.5, "detail": "bcrypt.dll,crypt32.dll,cryptbase.dll"}
2026-04-12 19:09:43,170 [RANSOMWALL] WARNING  {"ts": "2026-04-12T13:39:43.170826+00:00", "pid": 25928, "operation": "crypto_api_usage", "target": "lockapp.exe", "feature": "crypto_api_usage", "score": 1.5, "detail": "bcrypt.dll,crypt32.dll,cryptbase.dll,cryptsp.dll,rsaenh.dll"}
2026-04-12 19:09:43,319 [RANSOMWALL] WARNING  {"ts": "2026-04-12T13:39:43.319359+00:00", "pid": 26032, "operation": "crypto_api_usage", "target": "firefox.exe", "feature": "crypto_api_usage", "score": 1.5, "detail": "bcrypt.dll,crypt32.dll,cryptbase.dll"}
2026-04-12 19:09:43,948 [RANSOMWALL] WARNING  {"ts": "2026-04-12T13:39:43.948052+00:00", "pid": 28112, "operation": "crypto_api_usage", "target": "explorer.exe", "feature": "crypto_api_usage", "score": 1.5, "detail": "bcrypt.dll,crypt32.dll,cryptbase.dll,cryptsp.dll,rsaenh.dll"}
2026-04-12 19:09:44,526 [RANSOMWALL] WARNING  {"ts": "2026-04-12T13:39:44.526669+00:00", "pid": 29448, "operation": "crypto_api_usage", "target": "firefox.exe", "feature": "crypto_api_usage", "score": 1.5, "detail": "bcrypt.dll,crypt32.dll,cryptbase.dll"}
2026-04-12 19:09:44,859 [RANSOMWALL] WARNING  {"ts": "2026-04-12T13:39:44.859991+00:00", "pid": 30404, "operation": "crypto_api_usage", "target": "msedgewebview2.exe", "feature": "crypto_api_usage", "score": 1.5, "detail": "bcrypt.dll,crypt32.dll,cryptbase.dll,cryptsp.dll,rsaenh.dll"}
2026-04-12 19:09:45,222 [RANSOMWALL] WARNING  {"ts": "2026-04-12T13:39:45.222577+00:00", "pid": 30932, "operation": "crypto_api_usage", "target": "filecoauth.exe", "feature": "crypto_api_usage", "score": 1.5, "detail": "bcrypt.dll,crypt32.dll,cryptbase.dll,cryptsp.dll,rsaenh.dll"}
2026-04-12 19:09:45,327 [RANSOMWALL] WARNING  {"ts": "2026-04-12T13:39:45.327747+00:00", "pid": 31960, "operation": "crypto_api_usage", "target": "desktopextension.exe", "feature": "crypto_api_usage", "score": 1.5, "detail": "bcrypt.dll,crypt32.dll,cryptbase.dll,cryptsp.dll,rsaenh.dll"}
2026-04-12 19:09:45,582 [RANSOMWALL] WARNING  {"ts": "2026-04-12T13:39:45.582707+00:00", "pid": 33188, "operation": "crypto_api_usage", "target": "firefox.exe", "feature": "crypto_api_usage", "score": 1.5, "detail": "bcrypt.dll,crypt32.dll,cryptbase.dll"}
2026-04-12 19:09:46,100 [RANSOMWALL] WARNING  {"ts": "2026-04-12T13:39:46.100903+00:00", "pid": 35352, "operation": "crypto_api_usage", "target": "slack.exe", "feature": "crypto_api_usage", "score": 1.5, "detail": "bcrypt.dll,crypt32.dll,cryptbase.dll,cryptsp.dll,rsaenh.dll"}
2026-04-12 19:09:46,298 [RANSOMWALL] WARNING  {"ts": "2026-04-12T13:39:46.298652+00:00", "pid": 35944, "operation": "crypto_api_usage", "target": "code.exe", "feature": "crypto_api_usage", "score": 1.5, "detail": "bcrypt.dll,crypt32.dll,cryptbase.dll"}
2026-04-12 19:09:46,516 [RANSOMWALL] WARNING  {"ts": "2026-04-12T13:39:46.516657+00:00", "pid": 36036, "operation": "crypto_api_usage", "target": "hpsystemeventutilitybackground.exe", "feature": "crypto_api_usage", "score": 1.5, "detail": "bcrypt.dll,crypt32.dll,cryptbase.dll,cryptsp.dll,rsaenh.dll"}
2026-04-12 19:09:46,974 [RANSOMWALL] WARNING  {"ts": "2026-04-12T13:39:46.974157+00:00", "pid": 36960, "operation": "crypto_api_usage", "target": "phoneexperiencehost.exe", "feature": "crypto_api_usage", "score": 1.5, "detail": "bcrypt.dll,crypt32.dll,cryptbase.dll,cryptsp.dll,rsaenh.dll"}
2026-04-12 19:09:47,348 [RANSOMWALL] WARNING  {"ts": "2026-04-12T13:39:47.348887+00:00", "pid": 38192, "operation": "crypto_api_usage", "target": "firefox.exe", "feature": "crypto_api_usage", "score": 1.5, "detail": "bcrypt.dll,crypt32.dll,cryptbase.dll"}
2026-04-12 19:09:47,451 [RANSOMWALL] WARNING  {"ts": "2026-04-12T13:39:47.451489+00:00", "pid": 38256, "operation": "crypto_api_usage", "target": "hpmedianetwork.exe", "feature": "crypto_api_usage", "score": 1.5, "detail": "bcrypt.dll,crypt32.dll,cryptbase.dll,cryptsp.dll,rsaenh.dll"}
2026-04-12 19:09:47,597 [RANSOMWALL] WARNING  {"ts": "2026-04-12T13:39:47.597067+00:00", "pid": 38276, "operation": "crypto_api_usage", "target": "svchost.exe", "feature": "crypto_api_usage", "score": 1.5, "detail": "bcrypt.dll,cryptbase.dll,cryptsp.dll"}
2026-04-12 19:09:47,806 [RANSOMWALL] WARNING  {"ts": "2026-04-12T13:39:47.806941+00:00", "pid": 38824, "operation": "crypto_api_usage", "target": "svchost.exe", "feature": "crypto_api_usage", "score": 1.5, "detail": "bcrypt.dll,crypt32.dll,cryptbase.dll"}
2026-04-12 19:09:47,906 [RANSOMWALL] WARNING  {"ts": "2026-04-12T13:39:47.906566+00:00", "pid": 39028, "operation": "crypto_api_usage", "target": "widgetservice.exe", "feature": "crypto_api_usage", "score": 1.5, "detail": "bcrypt.dll,crypt32.dll,cryptbase.dll"}
2026-04-12 19:09:48,159 [RANSOMWALL] WARNING  {"ts": "2026-04-12T13:39:48.159336+00:00", "pid": 39308, "operation": "crypto_api_usage", "target": "firefox.exe", "feature": "crypto_api_usage", "score": 1.5, "detail": "bcrypt.dll,crypt32.dll,cryptbase.dll"}
2026-04-12 19:09:48,292 [RANSOMWALL] WARNING  {"ts": "2026-04-12T13:39:48.292701+00:00", "pid": 40056, "operation": "crypto_api_usage", "target": "backgroundtaskhost.exe", "feature": "crypto_api_usage", "score": 1.5, "detail": "bcrypt.dll,crypt32.dll,cryptbase.dll"}
2026-04-12 19:09:48,741 [RANSOMWALL] WARNING  {"ts": "2026-04-12T13:39:48.741997+00:00", "pid": 40940, "operation": "crypto_api_usage", "target": "msedge.exe", "feature": "crypto_api_usage", "score": 1.5, "detail": "bcrypt.dll,crypt32.dll,cryptbase.dll,cryptsp.dll,rsaenh.dll"}
2026-04-12 19:09:49,156 [RANSOMWALL] WARNING  {"ts": "2026-04-12T13:39:49.156232+00:00", "pid": 41684, "operation": "crypto_api_usage", "target": "slack.exe", "feature": "crypto_api_usage", "score": 1.5, "detail": "bcrypt.dll,crypt32.dll,cryptbase.dll"}
2026-04-12 19:09:49,381 [RANSOMWALL] WARNING  {"ts": "2026-04-12T13:39:49.381555+00:00", "pid": 41864, "operation": "crypto_api_usage", "target": "firefox.exe", "feature": "crypto_api_usage", "score": 1.5, "detail": "bcrypt.dll,crypt32.dll,cryptbase.dll"}
2026-04-12 19:09:49,496 [RANSOMWALL] WARNING  {"ts": "2026-04-12T13:39:49.496086+00:00", "pid": 42280, "operation": "crypto_api_usage", "target": "appactions.exe", "feature": "crypto_api_usage", "score": 1.5, "detail": "bcrypt.dll,crypt32.dll,cryptbase.dll"}
2026-04-12 19:09:49,917 [RANSOMWALL] WARNING  {"ts": "2026-04-12T13:39:49.917202+00:00", "pid": 42880, "operation": "crypto_api_usage", "target": "msedgewebview2.exe", "feature": "crypto_api_usage", "score": 1.5, "detail": "bcrypt.dll,crypt32.dll,cryptbase.dll,cryptsp.dll,rsaenh.dll"}
2026-04-12 19:09:50,179 [RANSOMWALL] WARNING  {"ts": "2026-04-12T13:39:50.179853+00:00", "pid": 42948, "operation": "crypto_api_usage", "target": "firefox.exe", "feature": "crypto_api_usage", "score": 1.5, "detail": "bcrypt.dll,crypt32.dll,cryptbase.dll,cryptsp.dll,rsaenh.dll"}
2026-04-12 19:09:50,475 [RANSOMWALL] WARNING  {"ts": "2026-04-12T13:39:50.475368+00:00", "pid": 42992, "operation": "crypto_api_usage", "target": "rtkauduservice64.exe", "feature": "crypto_api_usage", "score": 1.5, "detail": "bcrypt.dll,crypt32.dll,cryptbase.dll,cryptsp.dll,rsaenh.dll"}
2026-04-12 19:09:51,572 [RANSOMWALL] WARNING  {"ts": "2026-04-12T13:39:51.572599+00:00", "pid": 44236, "operation": "crypto_api_usage", "target": "firefox.exe", "feature": "crypto_api_usage", "score": 1.5, "detail": "bcrypt.dll,crypt32.dll,cryptbase.dll"}
2026-04-12 19:09:52,088 [RANSOMWALL] WARNING  {"ts": "2026-04-12T13:39:52.088970+00:00", "pid": 44572, "operation": "crypto_api_usage", "target": "firefox.exe", "feature": "crypto_api_usage", "score": 1.5, "detail": "bcrypt.dll,crypt32.dll,cryptbase.dll"}
2026-04-12 19:09:52,808 [RANSOMWALL] WARNING  {"ts": "2026-04-12T13:39:52.808933+00:00", "pid": 46156, "operation": "crypto_api_usage", "target": "igcctray.exe", "feature": "crypto_api_usage", "score": 1.5, "detail": "bcrypt.dll,crypt32.dll,cryptbase.dll,cryptsp.dll,rsaenh.dll"}
2026-04-12 19:09:53,194 [RANSOMWALL] WARNING  {"ts": "2026-04-12T13:39:53.194139+00:00", "pid": 46640, "operation": "crypto_api_usage", "target": "runtimebroker.exe", "feature": "crypto_api_usage", "score": 1.5, "detail": "bcrypt.dll,crypt32.dll,cryptbase.dll"}
2026-04-12 19:09:53,576 [RANSOMWALL] WARNING  {"ts": "2026-04-12T13:39:53.576115+00:00", "pid": 47172, "operation": "crypto_api_usage", "target": "firefox.exe", "feature": "crypto_api_usage", "score": 1.5, "detail": "bcrypt.dll,crypt32.dll,cryptbase.dll"}
2026-04-12 19:09:53,685 [RANSOMWALL] WARNING  {"ts": "2026-04-12T13:39:53.684865+00:00", "pid": 47188, "operation": "crypto_api_usage", "target": "svchost.exe", "feature": "crypto_api_usage", "score": 1.5, "detail": "bcrypt.dll,crypt32.dll,cryptbase.dll,cryptsp.dll,rsaenh.dll"}
2026-04-12 19:09:53,812 [RANSOMWALL] WARNING  {"ts": "2026-04-12T13:39:53.812871+00:00", "pid": 47264, "operation": "crypto_api_usage", "target": "m365copilot.exe", "feature": "crypto_api_usage", "score": 1.5, "detail": "bcrypt.dll,crypt32.dll,cryptbase.dll,cryptsp.dll,rsaenh.dll"}
2026-04-12 19:11:00,981 [RANSOMWALL] INFO  [TrapMonitor] HONEY_FILE_WRITE  path=C:\Users\palla\Desktop\__rw_honey__file.txt  pid=0
2026-04-12 19:11:01,119 [RANSOMWALL] WARNING  {"ts": "2026-04-12T13:41:01.119453+00:00", "pid": 0, "operation": "honey_file_write", "target": "C:\\Users\\palla\\Desktop\\__rw_honey__file.txt", "feature": "honey_file_write", "score": 3.5}
2026-04-12 19:11:04,557 [RANSOMWALL] INFO  [TrapMonitor] HONEY_FILE_WRITE  path=C:\Users\palla\Desktop\__rw_honey__file.txt  pid=0
2026-04-12 19:11:04,557 [RANSOMWALL] WARNING  {"ts": "2026-04-12T13:41:04.557215+00:00", "pid": 0, "operation": "honey_file_write", "target": "C:\\Users\\palla\\Desktop\\__rw_honey__file.txt", "feature": "honey_file_write", "score": 5.5}
2026-04-12 19:11:14,004 [RANSOMWALL] INFO  [IntegrityPoller] Tampered honey file detected: C:\Users\palla\Desktop\__rw_honey__file.txt
2026-04-12 19:11:14,015 [RANSOMWALL] INFO  [FeatureCollector] PID 0 (System Idle Process) FLAGGED SUSPICIOUS  score=7.5  features=['honey_dir_modified', 'honey_file_write']
2026-04-12 19:11:14,016 [RANSOMWALL] WARNING  {"ts": "2026-04-12T13:41:14.016363+00:00", "pid": 0, "operation": "honey_file_write", "target": "C:\\Users\\palla\\Desktop\\__rw_honey__file.txt", "feature": "honey_file_write", "score": 7.5, "detail": "integrity-check tamper"}
2026-04-12 19:11:19,574 [RANSOMWALL] WARNING  {"ts": "2026-04-12T13:41:19.574992+00:00", "pid": 3104, "operation": "crypto_api_usage", "target": "notepad.exe", "feature": "crypto_api_usage", "score": 1.5, "detail": "bcrypt.dll,crypt32.dll,cryptbase.dll,cryptsp.dll"}
2026-04-12 19:11:23,339 [RANSOMWALL] INFO  [IntegrityPoller] Tampered honey file detected: C:\Users\palla\Desktop\__rw_honey__file.txt
2026-04-12 19:11:23,339 [RANSOMWALL] WARNING  {"ts": "2026-04-12T13:41:23.339880+00:00", "pid": 0, "operation": "honey_file_write", "target": "C:\\Users\\palla\\Desktop\\__rw_honey__file.txt", "feature": "honey_file_write", "score": 9.5, "detail": "integrity-check tamper"}
2026-04-12 19:11:30,531 [RANSOMWALL] INFO  [IntegrityPoller] Tampered honey file detected: C:\Users\palla\Desktop\__rw_honey__file.txt
2026-04-12 19:11:30,532 [RANSOMWALL] WARNING  {"ts": "2026-04-12T13:41:30.532474+00:00", "pid": 0, "operation": "honey_file_write", "target": "C:\\Users\\palla\\Desktop\\__rw_honey__file.txt", "feature": "honey_file_write", "score": 11.5, "detail": "integrity-check tamper"}
2026-04-12 19:11:36,717 [RANSOMWALL] INFO  [IntegrityPoller] Tampered honey file detected: C:\Users\palla\Desktop\__rw_honey__file.txt
2026-04-12 19:11:36,717 [RANSOMWALL] WARNING  {"ts": "2026-04-12T13:41:36.717902+00:00", "pid": 0, "operation": "honey_file_write", "target": "C:\\Users\\palla\\Desktop\\__rw_honey__file.txt", "feature": "honey_file_write", "score": 13.5, "detail": "integrity-check tamper"}
2026-04-12 19:11:46,069 [RANSOMWALL] INFO  [TrapMonitor] HONEY_FILE_RENAME  path=C:\Users\palla\Desktop\__rw_honey__file.txt  pid=0
2026-04-12 19:11:46,071 [RANSOMWALL] WARNING  {"ts": "2026-04-12T13:41:46.070040+00:00", "pid": 0, "operation": "honey_file_rename", "target": "C:\\Users\\palla\\Desktop\\__rw_honey__file.txt", "feature": "honey_file_rename", "score": 15.5, "detail": "\u2192 C:\\Users\\palla\\Desktop\\__rw_honey__file344354.txt"}
2026-04-12 19:11:46,781 [RANSOMWALL] INFO  [IntegrityPoller] Tampered honey file detected: C:\Users\palla\Desktop\__rw_honey__file.txt
2026-04-12 19:11:46,781 [RANSOMWALL] WARNING  {"ts": "2026-04-12T13:41:46.781075+00:00", "pid": 0, "operation": "honey_file_write", "target": "C:\\Users\\palla\\Desktop\\__rw_honey__file.txt", "feature": "honey_file_write", "score": 17.5, "detail": "integrity-check tamper"}
2026-04-12 19:11:54,867 [RANSOMWALL] INFO  [IntegrityPoller] Tampered honey file detected: C:\Users\palla\Desktop\__rw_honey__file.txt
2026-04-12 19:11:54,868 [RANSOMWALL] WARNING  {"ts": "2026-04-12T13:41:54.868411+00:00", "pid": 0, "operation": "honey_file_write", "target": "C:\\Users\\palla\\Desktop\\__rw_honey__file.txt", "feature": "honey_file_write", "score": 19.5, "detail": "integrity-check tamper"}
2026-04-12 19:12:03,835 [RANSOMWALL] INFO  [IntegrityPoller] Tampered honey file detected: C:\Users\palla\Desktop\__rw_honey__file.txt
2026-04-12 19:12:03,835 [RANSOMWALL] WARNING  {"ts": "2026-04-12T13:42:03.835502+00:00", "pid": 0, "operation": "honey_file_write", "target": "C:\\Users\\palla\\Desktop\\__rw_honey__file.txt", "feature": "honey_file_write", "score": 21.5, "detail": "integrity-check tamper"}
2026-04-12 19:12:10,958 [RANSOMWALL] INFO  [IntegrityPoller] Tampered honey file detected: C:\Users\palla\Desktop\__rw_honey__file.txt
2026-04-12 19:12:11,043 [RANSOMWALL] WARNING  {"ts": "2026-04-12T13:42:11.043716+00:00", "pid": 0, "operation": "honey_file_write", "target": "C:\\Users\\palla\\Desktop\\__rw_honey__file.txt", "feature": "honey_file_write", "score": 23.5, "detail": "integrity-check tamper"}
2026-04-12 19:12:17,598 [RANSOMWALL] INFO  [IntegrityPoller] Tampered honey file detected: C:\Users\palla\Desktop\__rw_honey__file.txt
2026-04-12 19:12:17,598 [RANSOMWALL] WARNING  {"ts": "2026-04-12T13:42:17.598817+00:00", "pid": 0, "operation": "honey_file_write", "target": "C:\\Users\\palla\\Desktop\\__rw_honey__file.txt", "feature": "honey_file_write", "score": 25.5, "detail": "integrity-check tamper"}
2026-04-12 19:12:27,054 [RANSOMWALL] INFO  [IntegrityPoller] Tampered honey file detected: C:\Users\palla\Desktop\__rw_honey__file.txt
2026-04-12 19:12:27,055 [RANSOMWALL] WARNING  {"ts": "2026-04-12T13:42:27.055241+00:00", "pid": 0, "operation": "honey_file_write", "target": "C:\\Users\\palla\\Desktop\\__rw_honey__file.txt", "feature": "honey_file_write", "score": 27.5, "detail": "integrity-check tamper"}
2026-04-12 19:12:34,820 [RANSOMWALL] INFO  [IntegrityPoller] Tampered honey file detected: C:\Users\palla\Desktop\__rw_honey__file.txt
2026-04-12 19:12:34,820 [RANSOMWALL] WARNING  {"ts": "2026-04-12T13:42:34.820664+00:00", "pid": 0, "operation": "honey_file_write", "target": "C:\\Users\\palla\\Desktop\\__rw_honey__file.txt", "feature": "honey_file_write", "score": 29.5, "detail": "integrity-check tamper"}
2026-04-12 19:12:44,284 [RANSOMWALL] INFO  [IntegrityPoller] Tampered honey file detected: C:\Users\palla\Desktop\__rw_honey__file.txt
2026-04-12 19:12:44,284 [RANSOMWALL] WARNING  {"ts": "2026-04-12T13:42:44.284892+00:00", "pid": 0, "operation": "honey_file_write", "target": "C:\\Users\\palla\\Desktop\\__rw_honey__file.txt", "feature": "honey_file_write", "score": 31.5, "detail": "integrity-check tamper"}
2026-04-12 19:12:51,041 [RANSOMWALL] INFO  [IntegrityPoller] Tampered honey file detected: C:\Users\palla\Desktop\__rw_honey__file.txt
2026-04-12 19:12:51,041 [RANSOMWALL] WARNING  {"ts": "2026-04-12T13:42:51.041413+00:00", "pid": 0, "operation": "honey_file_write", "target": "C:\\Users\\palla\\Desktop\\__rw_honey__file.txt", "feature": "honey_file_write", "score": 33.5, "detail": "integrity-check tamper"}
2026-04-12 19:12:57,707 [RANSOMWALL] INFO  [IntegrityPoller] Tampered honey file detected: C:\Users\palla\Desktop\__rw_honey__file.txt
2026-04-12 19:12:57,707 [RANSOMWALL] WARNING  {"ts": "2026-04-12T13:42:57.707919+00:00", "pid": 0, "operation": "honey_file_write", "target": "C:\\Users\\palla\\Desktop\\__rw_honey__file.txt", "feature": "honey_file_write", "score": 35.5, "detail": "integrity-check tamper"}
2026-04-12 19:13:07,385 [RANSOMWALL] INFO  [IntegrityPoller] Tampered honey file detected: C:\Users\palla\Desktop\__rw_honey__file.txt
2026-04-12 19:13:07,385 [RANSOMWALL] WARNING  {"ts": "2026-04-12T13:43:07.385369+00:00", "pid": 0, "operation": "honey_file_write", "target": "C:\\Users\\palla\\Desktop\\__rw_honey__file.txt", "feature": "honey_file_write", "score": 37.5, "detail": "integrity-check tamper"}
2026-04-12 19:13:16,348 [RANSOMWALL] INFO  [IntegrityPoller] Tampered honey file detected: C:\Users\palla\Desktop\__rw_honey__file.txt
2026-04-12 19:13:16,348 [RANSOMWALL] WARNING  {"ts": "2026-04-12T13:43:16.348157+00:00", "pid": 0, "operation": "honey_file_write", "target": "C:\\Users\\palla\\Desktop\\__rw_honey__file.txt", "feature": "honey_file_write", "score": 39.5, "detail": "integrity-check tamper"}
2026-04-12 19:13:21,502 [RANSOMWALL] INFO  [IntegrityPoller] Tampered honey file detected: C:\Users\palla\Desktop\__rw_honey__file.txt
2026-04-12 19:13:21,502 [RANSOMWALL] WARNING  {"ts": "2026-04-12T13:43:21.502371+00:00", "pid": 0, "operation": "honey_file_write", "target": "C:\\Users\\palla\\Desktop\\__rw_honey__file.txt", "feature": "honey_file_write", "score": 41.5, "detail": "integrity-check tamper"}
2026-04-12 19:13:31,958 [RANSOMWALL] INFO  [IntegrityPoller] Tampered honey file detected: C:\Users\palla\Desktop\__rw_honey__file.txt
2026-04-12 19:13:31,958 [RANSOMWALL] WARNING  {"ts": "2026-04-12T13:43:31.958926+00:00", "pid": 0, "operation": "honey_file_write", "target": "C:\\Users\\palla\\Desktop\\__rw_honey__file.txt", "feature": "honey_file_write", "score": 43.5, "detail": "integrity-check tamper"}
2026-04-12 19:13:41,175 [RANSOMWALL] INFO  [IntegrityPoller] Tampered honey file detected: C:\Users\palla\Desktop\__rw_honey__file.txt
2026-04-12 19:13:41,175 [RANSOMWALL] WARNING  {"ts": "2026-04-12T13:43:41.175423+00:00", "pid": 0, "operation": "honey_file_write", "target": "C:\\Users\\palla\\Desktop\\__rw_honey__file.txt", "feature": "honey_file_write", "score": 45.5, "detail": "integrity-check tamper"}
2026-04-12 19:13:47,026 [RANSOMWALL] INFO  [IntegrityPoller] Tampered honey file detected: C:\Users\palla\Desktop\__rw_honey__file.txt
2026-04-12 19:13:47,026 [RANSOMWALL] WARNING  {"ts": "2026-04-12T13:43:47.026712+00:00", "pid": 0, "operation": "honey_file_write", "target": "C:\\Users\\palla\\Desktop\\__rw_honey__file.txt", "feature": "honey_file_write", "score": 47.5, "detail": "integrity-check tamper"}
2026-04-12 19:13:57,251 [RANSOMWALL] INFO  [IntegrityPoller] Tampered honey file detected: C:\Users\palla\Desktop\__rw_honey__file.txt
2026-04-12 19:13:57,251 [RANSOMWALL] WARNING  {"ts": "2026-04-12T13:43:57.251698+00:00", "pid": 0, "operation": "honey_file_write", "target": "C:\\Users\\palla\\Desktop\\__rw_honey__file.txt", "feature": "honey_file_write", "score": 49.5, "detail": "integrity-check tamper"}
2026-04-12 19:14:05,876 [RANSOMWALL] INFO  [IntegrityPoller] Tampered honey file detected: C:\Users\palla\Desktop\__rw_honey__file.txt
2026-04-12 19:14:05,876 [RANSOMWALL] WARNING  {"ts": "2026-04-12T13:44:05.876498+00:00", "pid": 0, "operation": "honey_file_write", "target": "C:\\Users\\palla\\Desktop\\__rw_honey__file.txt", "feature": "honey_file_write", "score": 51.5, "detail": "integrity-check tamper"}
2026-04-12 19:14:10,898 [RANSOMWALL] INFO  [IntegrityPoller] Tampered honey file detected: C:\Users\palla\Desktop\__rw_honey__file.txt
2026-04-12 19:14:10,898 [RANSOMWALL] WARNING  {"ts": "2026-04-12T13:44:10.898115+00:00", "pid": 0, "operation": "honey_file_write", "target": "C:\\Users\\palla\\Desktop\\__rw_honey__file.txt", "feature": "honey_file_write", "score": 53.5, "detail": "integrity-check tamper"}
2026-04-12 19:14:20,422 [RANSOMWALL] INFO  [IntegrityPoller] Tampered honey file detected: C:\Users\palla\Desktop\__rw_honey__file.txt
2026-04-12 19:14:20,422 [RANSOMWALL] WARNING  {"ts": "2026-04-12T13:44:20.422678+00:00", "pid": 0, "operation": "honey_file_write", "target": "C:\\Users\\palla\\Desktop\\__rw_honey__file.txt", "feature": "honey_file_write", "score": 55.5, "detail": "integrity-check tamper"}
2026-04-12 19:14:30,090 [RANSOMWALL] INFO  [IntegrityPoller] Tampered honey file detected: C:\Users\palla\Desktop\__rw_honey__file.txt
2026-04-12 19:14:30,090 [RANSOMWALL] WARNING  {"ts": "2026-04-12T13:44:30.090227+00:00", "pid": 0, "operation": "honey_file_write", "target": "C:\\Users\\palla\\Desktop\\__rw_honey__file.txt", "feature": "honey_file_write", "score": 57.5, "detail": "integrity-check tamper"}
2026-04-12 19:14:35,941 [RANSOMWALL] INFO  [IntegrityPoller] Tampered honey file detected: C:\Users\palla\Desktop\__rw_honey__file.txt
2026-04-12 19:14:35,941 [RANSOMWALL] WARNING  {"ts": "2026-04-12T13:44:35.941662+00:00", "pid": 0, "operation": "honey_file_write", "target": "C:\\Users\\palla\\Desktop\\__rw_honey__file.txt", "feature": "honey_file_write", "score": 59.5, "detail": "integrity-check tamper"}
2026-04-12 19:14:45,850 [RANSOMWALL] INFO  [IntegrityPoller] Tampered honey file detected: C:\Users\palla\Desktop\__rw_honey__file.txt
2026-04-12 19:14:45,850 [RANSOMWALL] WARNING  {"ts": "2026-04-12T13:44:45.850909+00:00", "pid": 0, "operation": "honey_file_write", "target": "C:\\Users\\palla\\Desktop\\__rw_honey__file.txt", "feature": "honey_file_write", "score": 61.5, "detail": "integrity-check tamper"}
2026-04-12 19:14:55,224 [RANSOMWALL] INFO  [IntegrityPoller] Tampered honey file detected: C:\Users\palla\Desktop\__rw_honey__file.txt
2026-04-12 19:14:55,358 [RANSOMWALL] WARNING  {"ts": "2026-04-12T13:44:55.358831+00:00", "pid": 0, "operation": "honey_file_write", "target": "C:\\Users\\palla\\Desktop\\__rw_honey__file.txt", "feature": "honey_file_write", "score": 63.5, "detail": "integrity-check tamper"}
2026-04-12 19:15:00,393 [RANSOMWALL] INFO  [IntegrityPoller] Tampered honey file detected: C:\Users\palla\Desktop\__rw_honey__file.txt
2026-04-12 19:15:00,393 [RANSOMWALL] WARNING  {"ts": "2026-04-12T13:45:00.393395+00:00", "pid": 0, "operation": "honey_file_write", "target": "C:\\Users\\palla\\Desktop\\__rw_honey__file.txt", "feature": "honey_file_write", "score": 65.5, "detail": "integrity-check tamper"}
2026-04-12 19:15:09,453 [RANSOMWALL] INFO  [IntegrityPoller] Tampered honey file detected: C:\Users\palla\Desktop\__rw_honey__file.txt
2026-04-12 19:15:09,454 [RANSOMWALL] WARNING  {"ts": "2026-04-12T13:45:09.454383+00:00", "pid": 0, "operation": "honey_file_write", "target": "C:\\Users\\palla\\Desktop\\__rw_honey__file.txt", "feature": "honey_file_write", "score": 67.5, "detail": "integrity-check tamper"}
2026-04-12 19:15:18,842 [RANSOMWALL] INFO  [IntegrityPoller] Tampered honey file detected: C:\Users\palla\Desktop\__rw_honey__file.txt
2026-04-12 19:15:18,842 [RANSOMWALL] WARNING  {"ts": "2026-04-12T13:45:18.842291+00:00", "pid": 0, "operation": "honey_file_write", "target": "C:\\Users\\palla\\Desktop\\__rw_honey__file.txt", "feature": "honey_file_write", "score": 69.5, "detail": "integrity-check tamper"}
2026-04-12 19:15:23,865 [RANSOMWALL] INFO  [IntegrityPoller] Tampered honey file detected: C:\Users\palla\Desktop\__rw_honey__file.txt
2026-04-12 19:15:23,865 [RANSOMWALL] WARNING  {"ts": "2026-04-12T13:45:23.865894+00:00", "pid": 0, "operation": "honey_file_write", "target": "C:\\Users\\palla\\Desktop\\__rw_honey__file.txt", "feature": "honey_file_write", "score": 71.5, "detail": "integrity-check tamper"}
2026-04-12 19:15:32,384 [RANSOMWALL] INFO  [IntegrityPoller] Tampered honey file detected: C:\Users\palla\Desktop\__rw_honey__file.txt
2026-04-12 19:15:32,384 [RANSOMWALL] WARNING  {"ts": "2026-04-12T13:45:32.384916+00:00", "pid": 0, "operation": "honey_file_write", "target": "C:\\Users\\palla\\Desktop\\__rw_honey__file.txt", "feature": "honey_file_write", "score": 73.5, "detail": "integrity-check tamper"}
2026-04-12 19:15:40,168 [RANSOMWALL] INFO  [IntegrityPoller] Tampered honey file detected: C:\Users\palla\Desktop\__rw_honey__file.txt
2026-04-12 19:15:40,288 [RANSOMWALL] WARNING  {"ts": "2026-04-12T13:45:40.288540+00:00", "pid": 0, "operation": "honey_file_write", "target": "C:\\Users\\palla\\Desktop\\__rw_honey__file.txt", "feature": "honey_file_write", "score": 75.5, "detail": "integrity-check tamper"}
2026-04-12 19:15:49,235 [RANSOMWALL] INFO  [IntegrityPoller] Tampered honey file detected: C:\Users\palla\Desktop\__rw_honey__file.txt
2026-04-12 19:15:49,236 [RANSOMWALL] WARNING  {"ts": "2026-04-12T13:45:49.235092+00:00", "pid": 0, "operation": "honey_file_write", "target": "C:\\Users\\palla\\Desktop\\__rw_honey__file.txt", "feature": "honey_file_write", "score": 77.5, "detail": "integrity-check tamper"}
2026-04-12 19:15:56,641 [RANSOMWALL] INFO  [IntegrityPoller] Tampered honey file detected: C:\Users\palla\Desktop\__rw_honey__file.txt
2026-04-12 19:15:56,892 [RANSOMWALL] WARNING  {"ts": "2026-04-12T13:45:56.892860+00:00", "pid": 0, "operation": "honey_file_write", "target": "C:\\Users\\palla\\Desktop\\__rw_honey__file.txt", "feature": "honey_file_write", "score": 79.5, "detail": "integrity-check tamper"}
2026-04-12 19:16:04,871 [RANSOMWALL] INFO  [IntegrityPoller] Tampered honey file detected: C:\Users\palla\Desktop\__rw_honey__file.txt
2026-04-12 19:16:04,871 [RANSOMWALL] WARNING  {"ts": "2026-04-12T13:46:04.871262+00:00", "pid": 0, "operation": "honey_file_write", "target": "C:\\Users\\palla\\Desktop\\__rw_honey__file.txt", "feature": "honey_file_write", "score": 81.5, "detail": "integrity-check tamper"}
2026-04-12 19:16:12,540 [RANSOMWALL] WARNING  {"ts": "2026-04-12T13:46:12.540763+00:00", "pid": 19040, "operation": "crypto_api_usage", "target": "firefox.exe", "feature": "crypto_api_usage", "score": 1.5, "detail": "bcrypt.dll,crypt32.dll,cryptbase.dll"}
2026-04-12 19:16:14,398 [RANSOMWALL] INFO  [IntegrityPoller] Tampered honey file detected: C:\Users\palla\Desktop\__rw_honey__file.txt
2026-04-12 19:16:14,398 [RANSOMWALL] WARNING  {"ts": "2026-04-12T13:46:14.398159+00:00", "pid": 0, "operation": "honey_file_write", "target": "C:\\Users\\palla\\Desktop\\__rw_honey__file.txt", "feature": "honey_file_write", "score": 83.5, "detail": "integrity-check tamper"}
2026-04-12 19:16:18,010 [RANSOMWALL] INFO  [TrapLayer] Shutting down…
2026-04-12 19:16:22,975 [RANSOMWALL] INFO  [IntegrityPoller] Tampered honey file detected: C:\Users\palla\Desktop\__rw_honey__file.txt
2026-04-12 19:16:22,975 [RANSOMWALL] WARNING  {"ts": "2026-04-12T13:46:22.975319+00:00", "pid": 0, "operation": "honey_file_write", "target": "C:\\Users\\palla\\Desktop\\__rw_honey__file.txt", "feature": "honey_file_write", "score": 85.5, "detail": "integrity-check tamper"}
2026-04-12 19:16:28,021 [RANSOMWALL] INFO  [HoneyFileManager] Cleanup complete.
2026-04-12 19:16:28,021 [RANSOMWALL] INFO  [TrapLayer] Shutdown complete.
2026-04-12 19:26:09,726 [RANSOMWALL] INFO  [HoneyFileManager] Deployed 196 honey files across 7 directories.
2026-04-12 19:26:09,733 [RANSOMWALL] INFO  [TrapLayer] Watchdog monitoring 7 dirs.
2026-04-12 19:26:09,738 [RANSOMWALL] INFO  [BehaviorDetector] Started polling loop.
2026-04-12 19:26:09,739 [RANSOMWALL] INFO  [TrapLayer] All subsystems active. Monitoring…
2026-04-12 19:26:09,796 [RANSOMWALL] WARNING  {"ts": "2026-04-12T13:56:09.796853+00:00", "pid": 1812, "operation": "crypto_api_usage", "target": "firefox.exe", "feature": "crypto_api_usage", "score": 1.5, "detail": "bcrypt.dll,crypt32.dll,cryptbase.dll"}
2026-04-12 19:26:10,160 [RANSOMWALL] WARNING  {"ts": "2026-04-12T13:56:10.160138+00:00", "pid": 2148, "operation": "crypto_api_usage", "target": "firefox.exe", "feature": "crypto_api_usage", "score": 1.5, "detail": "bcrypt.dll,crypt32.dll,cryptbase.dll"}
2026-04-12 19:26:10,404 [RANSOMWALL] WARNING  {"ts": "2026-04-12T13:56:10.404407+00:00", "pid": 2216, "operation": "crypto_api_usage", "target": "code.exe", "feature": "crypto_api_usage", "score": 1.5, "detail": "bcrypt.dll,crypt32.dll,cryptbase.dll"}
2026-04-12 19:26:11,198 [RANSOMWALL] WARNING  {"ts": "2026-04-12T13:56:11.198225+00:00", "pid": 3056, "operation": "crypto_api_usage", "target": "omencommandcenterbackground.exe", "feature": "crypto_api_usage", "score": 1.5, "detail": "bcrypt.dll,crypt32.dll,cryptbase.dll,cryptsp.dll,rsaenh.dll"}
2026-04-12 19:26:11,912 [RANSOMWALL] WARNING  {"ts": "2026-04-12T13:56:11.912989+00:00", "pid": 4064, "operation": "crypto_api_usage", "target": "firefox.exe", "feature": "crypto_api_usage", "score": 1.5, "detail": "bcrypt.dll,crypt32.dll,cryptbase.dll"}
2026-04-12 19:26:12,206 [RANSOMWALL] WARNING  {"ts": "2026-04-12T13:56:12.206047+00:00", "pid": 4928, "operation": "crypto_api_usage", "target": "sihost.exe", "feature": "crypto_api_usage", "score": 1.5, "detail": "bcrypt.dll,crypt32.dll,cryptbase.dll"}
2026-04-12 19:26:12,581 [RANSOMWALL] WARNING  {"ts": "2026-04-12T13:56:12.581206+00:00", "pid": 6704, "operation": "crypto_api_usage", "target": "firefox.exe", "feature": "crypto_api_usage", "score": 1.5, "detail": "bcrypt.dll,crypt32.dll,cryptbase.dll,cryptsp.dll"}
2026-04-12 19:26:13,126 [RANSOMWALL] WARNING  {"ts": "2026-04-12T13:56:13.126735+00:00", "pid": 7200, "operation": "crypto_api_usage", "target": "uihost.exe", "feature": "crypto_api_usage", "score": 1.5, "detail": "bcrypt.dll,crypt32.dll,cryptbase.dll,cryptsp.dll,rsaenh.dll"}
2026-04-12 19:26:13,688 [RANSOMWALL] WARNING  {"ts": "2026-04-12T13:56:13.688598+00:00", "pid": 8984, "operation": "crypto_api_usage", "target": "backgroundtaskhost.exe", "feature": "crypto_api_usage", "score": 1.5, "detail": "bcrypt.dll,crypt32.dll,cryptbase.dll"}
2026-04-12 19:26:13,816 [RANSOMWALL] WARNING  {"ts": "2026-04-12T13:56:13.816251+00:00", "pid": 9072, "operation": "crypto_api_usage", "target": "onedrive.exe", "feature": "crypto_api_usage", "score": 1.5, "detail": "bcrypt.dll,crypt32.dll,cryptbase.dll,cryptsp.dll,rsaenh.dll"}
2026-04-12 19:26:14,087 [RANSOMWALL] WARNING  {"ts": "2026-04-12T13:56:14.087859+00:00", "pid": 11288, "operation": "crypto_api_usage", "target": "code.exe", "feature": "crypto_api_usage", "score": 1.5, "detail": "bcrypt.dll,crypt32.dll,cryptbase.dll,cryptsp.dll,rsaenh.dll"}
2026-04-12 19:26:14,303 [RANSOMWALL] WARNING  {"ts": "2026-04-12T13:56:14.303005+00:00", "pid": 11352, "operation": "crypto_api_usage", "target": "hpsystemeventutilityhost.exe", "feature": "crypto_api_usage", "score": 1.5, "detail": "bcrypt.dll,crypt32.dll,cryptbase.dll,cryptsp.dll,rsaenh.dll"}
2026-04-12 19:26:14,413 [RANSOMWALL] WARNING  {"ts": "2026-04-12T13:56:14.413045+00:00", "pid": 12156, "operation": "crypto_api_usage", "target": "hpaudioswitch.exe", "feature": "crypto_api_usage", "score": 1.5, "detail": "bcrypt.dll,crypt32.dll,cryptbase.dll,cryptsp.dll,rsaenh.dll"}
2026-04-12 19:26:14,832 [RANSOMWALL] WARNING  {"ts": "2026-04-12T13:56:14.832077+00:00", "pid": 14560, "operation": "crypto_api_usage", "target": "searchhost.exe", "feature": "crypto_api_usage", "score": 1.5, "detail": "bcrypt.dll,crypt32.dll,cryptbase.dll,cryptsp.dll,rsaenh.dll"}
2026-04-12 19:26:15,835 [RANSOMWALL] WARNING  {"ts": "2026-04-12T13:56:15.835997+00:00", "pid": 17820, "operation": "crypto_api_usage", "target": "firefox.exe", "feature": "crypto_api_usage", "score": 1.5, "detail": "bcrypt.dll,crypt32.dll,cryptbase.dll"}
2026-04-12 19:26:16,150 [RANSOMWALL] WARNING  {"ts": "2026-04-12T13:56:16.150828+00:00", "pid": 18708, "operation": "crypto_api_usage", "target": "hp.hpx.exe", "feature": "crypto_api_usage", "score": 1.5, "detail": "bcrypt.dll,crypt32.dll,cryptbase.dll,cryptsp.dll,rsaenh.dll"}
2026-04-12 19:26:16,855 [RANSOMWALL] WARNING  {"ts": "2026-04-12T13:56:16.855851+00:00", "pid": 20632, "operation": "crypto_api_usage", "target": "browser_assistant.exe", "feature": "crypto_api_usage", "score": 1.5, "detail": "bcrypt.dll,crypt32.dll,cryptbase.dll,cryptsp.dll,rsaenh.dll"}
2026-04-12 19:26:16,970 [RANSOMWALL] WARNING  {"ts": "2026-04-12T13:56:16.970938+00:00", "pid": 20636, "operation": "crypto_api_usage", "target": "code.exe", "feature": "crypto_api_usage", "score": 1.5, "detail": "bcrypt.dll,crypt32.dll,cryptbase.dll"}
2026-04-12 19:26:17,094 [RANSOMWALL] WARNING  {"ts": "2026-04-12T13:56:17.094412+00:00", "pid": 20932, "operation": "crypto_api_usage", "target": "mcuicnt.exe", "feature": "crypto_api_usage", "score": 1.5, "detail": "bcrypt.dll,crypt32.dll,cryptbase.dll,cryptsp.dll,rsaenh.dll"}
2026-04-12 19:26:17,486 [RANSOMWALL] WARNING  {"ts": "2026-04-12T13:56:17.486091+00:00", "pid": 22772, "operation": "crypto_api_usage", "target": "telegram.exe", "feature": "crypto_api_usage", "score": 1.5, "detail": "bcrypt.dll,crypt32.dll,cryptbase.dll"}
2026-04-12 19:26:17,663 [RANSOMWALL] WARNING  {"ts": "2026-04-12T13:56:17.663776+00:00", "pid": 22812, "operation": "crypto_api_usage", "target": "whatsapp.root.exe", "feature": "crypto_api_usage", "score": 1.5, "detail": "bcrypt.dll,crypt32.dll,cryptbase.dll,cryptsp.dll,rsaenh.dll"}
2026-04-12 19:26:17,904 [RANSOMWALL] WARNING  {"ts": "2026-04-12T13:56:17.904526+00:00", "pid": 22976, "operation": "crypto_api_usage", "target": "widgets.exe", "feature": "crypto_api_usage", "score": 1.5, "detail": "bcrypt.dll,crypt32.dll,cryptbase.dll,cryptsp.dll,rsaenh.dll"}
2026-04-12 19:26:18,029 [RANSOMWALL] WARNING  {"ts": "2026-04-12T13:56:18.029324+00:00", "pid": 23160, "operation": "crypto_api_usage", "target": "unsecapp.exe", "feature": "crypto_api_usage", "score": 1.5, "detail": "bcrypt.dll,crypt32.dll,cryptbase.dll,cryptsp.dll,rsaenh.dll"}
2026-04-12 19:26:18,141 [RANSOMWALL] WARNING  {"ts": "2026-04-12T13:56:18.141995+00:00", "pid": 24024, "operation": "crypto_api_usage", "target": "msedgewebview2.exe", "feature": "crypto_api_usage", "score": 1.5, "detail": "bcrypt.dll,crypt32.dll,cryptbase.dll,cryptsp.dll,rsaenh.dll"}
2026-04-12 19:26:18,560 [RANSOMWALL] WARNING  {"ts": "2026-04-12T13:56:18.560003+00:00", "pid": 24300, "operation": "crypto_api_usage", "target": "modulecoreservice.exe", "feature": "crypto_api_usage", "score": 1.5, "detail": "bcrypt.dll,crypt32.dll,cryptbase.dll,cryptsp.dll,rsaenh.dll"}
2026-04-12 19:26:18,812 [RANSOMWALL] WARNING  {"ts": "2026-04-12T13:56:18.812609+00:00", "pid": 24568, "operation": "crypto_api_usage", "target": "startmenuexperiencehost.exe", "feature": "crypto_api_usage", "score": 1.5, "detail": "bcrypt.dll,crypt32.dll,cryptbase.dll"}
2026-04-12 19:26:19,052 [RANSOMWALL] WARNING  {"ts": "2026-04-12T13:56:19.052334+00:00", "pid": 25472, "operation": "crypto_api_usage", "target": "textinputhost.exe", "feature": "crypto_api_usage", "score": 1.5, "detail": "bcrypt.dll,crypt32.dll,cryptbase.dll"}
2026-04-12 19:26:19,194 [RANSOMWALL] WARNING  {"ts": "2026-04-12T13:56:19.194753+00:00", "pid": 25784, "operation": "crypto_api_usage", "target": "crashhelper.exe", "feature": "crypto_api_usage", "score": 1.5, "detail": "bcrypt.dll,crypt32.dll,cryptbase.dll"}
2026-04-12 19:26:19,335 [RANSOMWALL] WARNING  {"ts": "2026-04-12T13:56:19.335633+00:00", "pid": 25928, "operation": "crypto_api_usage", "target": "lockapp.exe", "feature": "crypto_api_usage", "score": 1.5, "detail": "bcrypt.dll,crypt32.dll,cryptbase.dll,cryptsp.dll,rsaenh.dll"}
2026-04-12 19:26:19,461 [RANSOMWALL] WARNING  {"ts": "2026-04-12T13:56:19.461723+00:00", "pid": 26032, "operation": "crypto_api_usage", "target": "firefox.exe", "feature": "crypto_api_usage", "score": 1.5, "detail": "bcrypt.dll,crypt32.dll,cryptbase.dll"}
2026-04-12 19:26:20,018 [RANSOMWALL] WARNING  {"ts": "2026-04-12T13:56:20.018881+00:00", "pid": 28112, "operation": "crypto_api_usage", "target": "explorer.exe", "feature": "crypto_api_usage", "score": 1.5, "detail": "bcrypt.dll,crypt32.dll,cryptbase.dll,cryptsp.dll,rsaenh.dll"}
2026-04-12 19:26:20,609 [RANSOMWALL] WARNING  {"ts": "2026-04-12T13:56:20.609423+00:00", "pid": 29448, "operation": "crypto_api_usage", "target": "firefox.exe", "feature": "crypto_api_usage", "score": 1.5, "detail": "bcrypt.dll,crypt32.dll,cryptbase.dll"}
2026-04-12 19:26:20,938 [RANSOMWALL] WARNING  {"ts": "2026-04-12T13:56:20.938307+00:00", "pid": 30404, "operation": "crypto_api_usage", "target": "msedgewebview2.exe", "feature": "crypto_api_usage", "score": 1.5, "detail": "bcrypt.dll,crypt32.dll,cryptbase.dll,cryptsp.dll,rsaenh.dll"}
2026-04-12 19:26:21,414 [RANSOMWALL] WARNING  {"ts": "2026-04-12T13:56:21.414129+00:00", "pid": 30932, "operation": "crypto_api_usage", "target": "filecoauth.exe", "feature": "crypto_api_usage", "score": 1.5, "detail": "bcrypt.dll,crypt32.dll,cryptbase.dll,cryptsp.dll,rsaenh.dll"}
2026-04-12 19:26:21,518 [RANSOMWALL] WARNING  {"ts": "2026-04-12T13:56:21.518333+00:00", "pid": 31448, "operation": "crypto_api_usage", "target": "firefox.exe", "feature": "crypto_api_usage", "score": 1.5, "detail": "bcrypt.dll,crypt32.dll,cryptbase.dll"}
2026-04-12 19:26:21,649 [RANSOMWALL] WARNING  {"ts": "2026-04-12T13:56:21.649399+00:00", "pid": 31960, "operation": "crypto_api_usage", "target": "desktopextension.exe", "feature": "crypto_api_usage", "score": 1.5, "detail": "bcrypt.dll,crypt32.dll,cryptbase.dll,cryptsp.dll,rsaenh.dll"}
2026-04-12 19:26:21,901 [RANSOMWALL] WARNING  {"ts": "2026-04-12T13:56:21.901343+00:00", "pid": 33188, "operation": "crypto_api_usage", "target": "firefox.exe", "feature": "crypto_api_usage", "score": 1.5, "detail": "bcrypt.dll,crypt32.dll,cryptbase.dll"}
2026-04-12 19:26:22,574 [RANSOMWALL] WARNING  {"ts": "2026-04-12T13:56:22.573045+00:00", "pid": 35352, "operation": "crypto_api_usage", "target": "slack.exe", "feature": "crypto_api_usage", "score": 1.5, "detail": "bcrypt.dll,crypt32.dll,cryptbase.dll,cryptsp.dll,rsaenh.dll"}
2026-04-12 19:26:22,792 [RANSOMWALL] WARNING  {"ts": "2026-04-12T13:56:22.792647+00:00", "pid": 35944, "operation": "crypto_api_usage", "target": "code.exe", "feature": "crypto_api_usage", "score": 1.5, "detail": "bcrypt.dll,crypt32.dll,cryptbase.dll"}
2026-04-12 19:26:23,068 [RANSOMWALL] WARNING  {"ts": "2026-04-12T13:56:23.068229+00:00", "pid": 36036, "operation": "crypto_api_usage", "target": "hpsystemeventutilitybackground.exe", "feature": "crypto_api_usage", "score": 1.5, "detail": "bcrypt.dll,crypt32.dll,cryptbase.dll,cryptsp.dll,rsaenh.dll"}
2026-04-12 19:26:23,558 [RANSOMWALL] WARNING  {"ts": "2026-04-12T13:56:23.558035+00:00", "pid": 36960, "operation": "crypto_api_usage", "target": "phoneexperiencehost.exe", "feature": "crypto_api_usage", "score": 1.5, "detail": "bcrypt.dll,crypt32.dll,cryptbase.dll,cryptsp.dll,rsaenh.dll"}
2026-04-12 19:26:24,224 [RANSOMWALL] WARNING  {"ts": "2026-04-12T13:56:24.224656+00:00", "pid": 38192, "operation": "crypto_api_usage", "target": "firefox.exe", "feature": "crypto_api_usage", "score": 1.5, "detail": "bcrypt.dll,crypt32.dll,cryptbase.dll"}
2026-04-12 19:26:24,351 [RANSOMWALL] WARNING  {"ts": "2026-04-12T13:56:24.351937+00:00", "pid": 38256, "operation": "crypto_api_usage", "target": "hpmedianetwork.exe", "feature": "crypto_api_usage", "score": 1.5, "detail": "bcrypt.dll,crypt32.dll,cryptbase.dll,cryptsp.dll,rsaenh.dll"}
2026-04-12 19:26:24,528 [RANSOMWALL] WARNING  {"ts": "2026-04-12T13:56:24.528856+00:00", "pid": 38276, "operation": "crypto_api_usage", "target": "svchost.exe", "feature": "crypto_api_usage", "score": 1.5, "detail": "bcrypt.dll,cryptbase.dll,cryptsp.dll"}
2026-04-12 19:26:24,770 [RANSOMWALL] WARNING  {"ts": "2026-04-12T13:56:24.770017+00:00", "pid": 38824, "operation": "crypto_api_usage", "target": "svchost.exe", "feature": "crypto_api_usage", "score": 1.5, "detail": "bcrypt.dll,crypt32.dll,cryptbase.dll"}
2026-04-12 19:26:24,892 [RANSOMWALL] WARNING  {"ts": "2026-04-12T13:56:24.892977+00:00", "pid": 39028, "operation": "crypto_api_usage", "target": "widgetservice.exe", "feature": "crypto_api_usage", "score": 1.5, "detail": "bcrypt.dll,crypt32.dll,cryptbase.dll"}
2026-04-12 19:26:25,156 [RANSOMWALL] WARNING  {"ts": "2026-04-12T13:56:25.156038+00:00", "pid": 39308, "operation": "crypto_api_usage", "target": "firefox.exe", "feature": "crypto_api_usage", "score": 1.5, "detail": "bcrypt.dll,crypt32.dll,cryptbase.dll"}
2026-04-12 19:26:25,292 [RANSOMWALL] WARNING  {"ts": "2026-04-12T13:56:25.292121+00:00", "pid": 40056, "operation": "crypto_api_usage", "target": "backgroundtaskhost.exe", "feature": "crypto_api_usage", "score": 1.5, "detail": "bcrypt.dll,crypt32.dll,cryptbase.dll"}
2026-04-12 19:26:25,723 [RANSOMWALL] WARNING  {"ts": "2026-04-12T13:56:25.723751+00:00", "pid": 40940, "operation": "crypto_api_usage", "target": "msedge.exe", "feature": "crypto_api_usage", "score": 1.5, "detail": "bcrypt.dll,crypt32.dll,cryptbase.dll,cryptsp.dll,rsaenh.dll"}
2026-04-12 19:26:26,146 [RANSOMWALL] WARNING  {"ts": "2026-04-12T13:56:26.146531+00:00", "pid": 41684, "operation": "crypto_api_usage", "target": "slack.exe", "feature": "crypto_api_usage", "score": 1.5, "detail": "bcrypt.dll,crypt32.dll,cryptbase.dll"}
2026-04-12 19:26:26,417 [RANSOMWALL] WARNING  {"ts": "2026-04-12T13:56:26.417552+00:00", "pid": 41864, "operation": "crypto_api_usage", "target": "firefox.exe", "feature": "crypto_api_usage", "score": 1.5, "detail": "bcrypt.dll,crypt32.dll,cryptbase.dll"}
2026-04-12 19:26:27,441 [RANSOMWALL] WARNING  {"ts": "2026-04-12T13:56:27.441093+00:00", "pid": 42280, "operation": "crypto_api_usage", "target": "appactions.exe", "feature": "crypto_api_usage", "score": 1.5, "detail": "bcrypt.dll,crypt32.dll,cryptbase.dll"}
2026-04-12 19:26:27,898 [RANSOMWALL] WARNING  {"ts": "2026-04-12T13:56:27.898638+00:00", "pid": 42880, "operation": "crypto_api_usage", "target": "msedgewebview2.exe", "feature": "crypto_api_usage", "score": 1.5, "detail": "bcrypt.dll,crypt32.dll,cryptbase.dll,cryptsp.dll,rsaenh.dll"}
2026-04-12 19:26:28,131 [RANSOMWALL] WARNING  {"ts": "2026-04-12T13:56:28.131721+00:00", "pid": 42948, "operation": "crypto_api_usage", "target": "firefox.exe", "feature": "crypto_api_usage", "score": 1.5, "detail": "bcrypt.dll,crypt32.dll,cryptbase.dll,cryptsp.dll,rsaenh.dll"}
2026-04-12 19:26:28,431 [RANSOMWALL] WARNING  {"ts": "2026-04-12T13:56:28.431993+00:00", "pid": 42992, "operation": "crypto_api_usage", "target": "rtkauduservice64.exe", "feature": "crypto_api_usage", "score": 1.5, "detail": "bcrypt.dll,crypt32.dll,cryptbase.dll,cryptsp.dll,rsaenh.dll"}
2026-04-12 19:26:30,055 [RANSOMWALL] WARNING  {"ts": "2026-04-12T13:56:30.055220+00:00", "pid": 44572, "operation": "crypto_api_usage", "target": "firefox.exe", "feature": "crypto_api_usage", "score": 1.5, "detail": "bcrypt.dll,crypt32.dll,cryptbase.dll"}
2026-04-12 19:26:30,693 [RANSOMWALL] WARNING  {"ts": "2026-04-12T13:56:30.693727+00:00", "pid": 46156, "operation": "crypto_api_usage", "target": "igcctray.exe", "feature": "crypto_api_usage", "score": 1.5, "detail": "bcrypt.dll,crypt32.dll,cryptbase.dll,cryptsp.dll,rsaenh.dll"}
2026-04-12 19:26:30,926 [RANSOMWALL] WARNING  {"ts": "2026-04-12T13:56:30.926310+00:00", "pid": 46640, "operation": "crypto_api_usage", "target": "runtimebroker.exe", "feature": "crypto_api_usage", "score": 1.5, "detail": "bcrypt.dll,crypt32.dll,cryptbase.dll"}
2026-04-12 19:26:31,128 [RANSOMWALL] WARNING  {"ts": "2026-04-12T13:56:31.128336+00:00", "pid": 47172, "operation": "crypto_api_usage", "target": "firefox.exe", "feature": "crypto_api_usage", "score": 1.5, "detail": "bcrypt.dll,crypt32.dll,cryptbase.dll"}
2026-04-12 19:26:31,227 [RANSOMWALL] WARNING  {"ts": "2026-04-12T13:56:31.227864+00:00", "pid": 47188, "operation": "crypto_api_usage", "target": "svchost.exe", "feature": "crypto_api_usage", "score": 1.5, "detail": "bcrypt.dll,crypt32.dll,cryptbase.dll,cryptsp.dll,rsaenh.dll"}
2026-04-12 19:26:31,352 [RANSOMWALL] WARNING  {"ts": "2026-04-12T13:56:31.352176+00:00", "pid": 47264, "operation": "crypto_api_usage", "target": "m365copilot.exe", "feature": "crypto_api_usage", "score": 1.5, "detail": "bcrypt.dll,crypt32.dll,cryptbase.dll,cryptsp.dll,rsaenh.dll"}
2026-04-12 19:27:13,411 [RANSOMWALL] INFO  [TrapLayer] Shutting down…
2026-04-12 19:27:22,219 [RANSOMWALL] INFO  [HoneyFileManager] Deployed 196 honey files across 7 directories.
2026-04-12 19:27:22,227 [RANSOMWALL] INFO  [TrapLayer] Watchdog monitoring 7 dirs.
2026-04-12 19:27:22,229 [RANSOMWALL] INFO  [BehaviorDetector] Started polling loop.
2026-04-12 19:27:22,229 [RANSOMWALL] INFO  [TrapLayer] All subsystems active. Monitoring…
2026-04-12 19:27:22,272 [RANSOMWALL] WARNING  {"ts": "2026-04-12T13:57:22.272142+00:00", "pid": 1812, "operation": "crypto_api_usage", "target": "firefox.exe", "feature": "crypto_api_usage", "score": 1.5, "detail": "bcrypt.dll,crypt32.dll,cryptbase.dll"}
2026-04-12 19:27:22,608 [RANSOMWALL] WARNING  {"ts": "2026-04-12T13:57:22.608436+00:00", "pid": 2148, "operation": "crypto_api_usage", "target": "firefox.exe", "feature": "crypto_api_usage", "score": 1.5, "detail": "bcrypt.dll,crypt32.dll,cryptbase.dll"}
2026-04-12 19:27:22,728 [RANSOMWALL] WARNING  {"ts": "2026-04-12T13:57:22.728492+00:00", "pid": 2216, "operation": "crypto_api_usage", "target": "code.exe", "feature": "crypto_api_usage", "score": 1.5, "detail": "bcrypt.dll,crypt32.dll,cryptbase.dll"}
2026-04-12 19:27:23,136 [RANSOMWALL] WARNING  {"ts": "2026-04-12T13:57:23.136428+00:00", "pid": 3056, "operation": "crypto_api_usage", "target": "omencommandcenterbackground.exe", "feature": "crypto_api_usage", "score": 1.5, "detail": "bcrypt.dll,crypt32.dll,cryptbase.dll,cryptsp.dll,rsaenh.dll"}
2026-04-12 19:27:23,508 [RANSOMWALL] WARNING  {"ts": "2026-04-12T13:57:23.508669+00:00", "pid": 4064, "operation": "crypto_api_usage", "target": "firefox.exe", "feature": "crypto_api_usage", "score": 1.5, "detail": "bcrypt.dll,crypt32.dll,cryptbase.dll"}
2026-04-12 19:27:23,702 [RANSOMWALL] WARNING  {"ts": "2026-04-12T13:57:23.702194+00:00", "pid": 4928, "operation": "crypto_api_usage", "target": "sihost.exe", "feature": "crypto_api_usage", "score": 1.5, "detail": "bcrypt.dll,crypt32.dll,cryptbase.dll"}
2026-04-12 19:27:23,953 [RANSOMWALL] WARNING  {"ts": "2026-04-12T13:57:23.953179+00:00", "pid": 6704, "operation": "crypto_api_usage", "target": "firefox.exe", "feature": "crypto_api_usage", "score": 1.5, "detail": "bcrypt.dll,crypt32.dll,cryptbase.dll,cryptsp.dll"}
2026-04-12 19:27:24,323 [RANSOMWALL] WARNING  {"ts": "2026-04-12T13:57:24.323948+00:00", "pid": 7200, "operation": "crypto_api_usage", "target": "uihost.exe", "feature": "crypto_api_usage", "score": 1.5, "detail": "bcrypt.dll,crypt32.dll,cryptbase.dll,cryptsp.dll,rsaenh.dll"}
2026-04-12 19:27:24,807 [RANSOMWALL] WARNING  {"ts": "2026-04-12T13:57:24.807246+00:00", "pid": 8984, "operation": "crypto_api_usage", "target": "backgroundtaskhost.exe", "feature": "crypto_api_usage", "score": 1.5, "detail": "bcrypt.dll,crypt32.dll,cryptbase.dll"}
2026-04-12 19:27:24,938 [RANSOMWALL] WARNING  {"ts": "2026-04-12T13:57:24.938781+00:00", "pid": 9072, "operation": "crypto_api_usage", "target": "onedrive.exe", "feature": "crypto_api_usage", "score": 1.5, "detail": "bcrypt.dll,crypt32.dll,cryptbase.dll,cryptsp.dll,rsaenh.dll"}
2026-04-12 19:27:26,109 [RANSOMWALL] WARNING  {"ts": "2026-04-12T13:57:26.109671+00:00", "pid": 11288, "operation": "crypto_api_usage", "target": "code.exe", "feature": "crypto_api_usage", "score": 1.5, "detail": "bcrypt.dll,crypt32.dll,cryptbase.dll,cryptsp.dll,rsaenh.dll"}
2026-04-12 19:27:26,300 [RANSOMWALL] WARNING  {"ts": "2026-04-12T13:57:26.300388+00:00", "pid": 11352, "operation": "crypto_api_usage", "target": "hpsystemeventutilityhost.exe", "feature": "crypto_api_usage", "score": 1.5, "detail": "bcrypt.dll,crypt32.dll,cryptbase.dll,cryptsp.dll,rsaenh.dll"}
2026-04-12 19:27:26,414 [RANSOMWALL] WARNING  {"ts": "2026-04-12T13:57:26.414535+00:00", "pid": 12156, "operation": "crypto_api_usage", "target": "hpaudioswitch.exe", "feature": "crypto_api_usage", "score": 1.5, "detail": "bcrypt.dll,crypt32.dll,cryptbase.dll,cryptsp.dll,rsaenh.dll"}
2026-04-12 19:27:26,747 [RANSOMWALL] WARNING  {"ts": "2026-04-12T13:57:26.747947+00:00", "pid": 14560, "operation": "crypto_api_usage", "target": "searchhost.exe", "feature": "crypto_api_usage", "score": 1.5, "detail": "bcrypt.dll,crypt32.dll,cryptbase.dll,cryptsp.dll,rsaenh.dll"}
2026-04-12 19:27:27,506 [RANSOMWALL] WARNING  {"ts": "2026-04-12T13:57:27.506419+00:00", "pid": 17820, "operation": "crypto_api_usage", "target": "firefox.exe", "feature": "crypto_api_usage", "score": 1.5, "detail": "bcrypt.dll,crypt32.dll,cryptbase.dll"}
2026-04-12 19:27:27,785 [RANSOMWALL] WARNING  {"ts": "2026-04-12T13:57:27.785162+00:00", "pid": 18708, "operation": "crypto_api_usage", "target": "hp.hpx.exe", "feature": "crypto_api_usage", "score": 1.5, "detail": "bcrypt.dll,crypt32.dll,cryptbase.dll,cryptsp.dll,rsaenh.dll"}
2026-04-12 19:27:28,439 [RANSOMWALL] WARNING  {"ts": "2026-04-12T13:57:28.439093+00:00", "pid": 20632, "operation": "crypto_api_usage", "target": "browser_assistant.exe", "feature": "crypto_api_usage", "score": 1.5, "detail": "bcrypt.dll,crypt32.dll,cryptbase.dll,cryptsp.dll,rsaenh.dll"}
2026-04-12 19:27:28,564 [RANSOMWALL] WARNING  {"ts": "2026-04-12T13:57:28.564167+00:00", "pid": 20636, "operation": "crypto_api_usage", "target": "code.exe", "feature": "crypto_api_usage", "score": 1.5, "detail": "bcrypt.dll,crypt32.dll,cryptbase.dll"}
2026-04-12 19:27:28,700 [RANSOMWALL] WARNING  {"ts": "2026-04-12T13:57:28.700314+00:00", "pid": 20932, "operation": "crypto_api_usage", "target": "mcuicnt.exe", "feature": "crypto_api_usage", "score": 1.5, "detail": "bcrypt.dll,crypt32.dll,cryptbase.dll,cryptsp.dll,rsaenh.dll"}
2026-04-12 19:27:29,067 [RANSOMWALL] WARNING  {"ts": "2026-04-12T13:57:29.067955+00:00", "pid": 22772, "operation": "crypto_api_usage", "target": "telegram.exe", "feature": "crypto_api_usage", "score": 1.5, "detail": "bcrypt.dll,crypt32.dll,cryptbase.dll"}
2026-04-12 19:27:29,241 [RANSOMWALL] WARNING  {"ts": "2026-04-12T13:57:29.241999+00:00", "pid": 22812, "operation": "crypto_api_usage", "target": "whatsapp.root.exe", "feature": "crypto_api_usage", "score": 1.5, "detail": "bcrypt.dll,crypt32.dll,cryptbase.dll,cryptsp.dll,rsaenh.dll"}
2026-04-12 19:27:29,460 [RANSOMWALL] WARNING  {"ts": "2026-04-12T13:57:29.460789+00:00", "pid": 22976, "operation": "crypto_api_usage", "target": "widgets.exe", "feature": "crypto_api_usage", "score": 1.5, "detail": "bcrypt.dll,crypt32.dll,cryptbase.dll,cryptsp.dll,rsaenh.dll"}
2026-04-12 19:27:29,572 [RANSOMWALL] WARNING  {"ts": "2026-04-12T13:57:29.572911+00:00", "pid": 23160, "operation": "crypto_api_usage", "target": "unsecapp.exe", "feature": "crypto_api_usage", "score": 1.5, "detail": "bcrypt.dll,crypt32.dll,cryptbase.dll,cryptsp.dll,rsaenh.dll"}
2026-04-12 19:27:29,677 [RANSOMWALL] WARNING  {"ts": "2026-04-12T13:57:29.677459+00:00", "pid": 24024, "operation": "crypto_api_usage", "target": "msedgewebview2.exe", "feature": "crypto_api_usage", "score": 1.5, "detail": "bcrypt.dll,crypt32.dll,cryptbase.dll,cryptsp.dll,rsaenh.dll"}
2026-04-12 19:27:30,186 [RANSOMWALL] WARNING  {"ts": "2026-04-12T13:57:30.186025+00:00", "pid": 24300, "operation": "crypto_api_usage", "target": "modulecoreservice.exe", "feature": "crypto_api_usage", "score": 1.5, "detail": "bcrypt.dll,crypt32.dll,cryptbase.dll,cryptsp.dll,rsaenh.dll"}
2026-04-12 19:27:30,382 [RANSOMWALL] WARNING  {"ts": "2026-04-12T13:57:30.382638+00:00", "pid": 24568, "operation": "crypto_api_usage", "target": "startmenuexperiencehost.exe", "feature": "crypto_api_usage", "score": 1.5, "detail": "bcrypt.dll,crypt32.dll,cryptbase.dll"}
2026-04-12 19:27:30,611 [RANSOMWALL] WARNING  {"ts": "2026-04-12T13:57:30.611465+00:00", "pid": 25472, "operation": "crypto_api_usage", "target": "textinputhost.exe", "feature": "crypto_api_usage", "score": 1.5, "detail": "bcrypt.dll,crypt32.dll,cryptbase.dll"}
2026-04-12 19:27:30,753 [RANSOMWALL] WARNING  {"ts": "2026-04-12T13:57:30.753687+00:00", "pid": 25784, "operation": "crypto_api_usage", "target": "crashhelper.exe", "feature": "crypto_api_usage", "score": 1.5, "detail": "bcrypt.dll,crypt32.dll,cryptbase.dll"}
2026-04-12 19:27:30,890 [RANSOMWALL] WARNING  {"ts": "2026-04-12T13:57:30.890198+00:00", "pid": 25928, "operation": "crypto_api_usage", "target": "lockapp.exe", "feature": "crypto_api_usage", "score": 1.5, "detail": "bcrypt.dll,crypt32.dll,cryptbase.dll,cryptsp.dll,rsaenh.dll"}
2026-04-12 19:27:31,021 [RANSOMWALL] WARNING  {"ts": "2026-04-12T13:57:31.021352+00:00", "pid": 26032, "operation": "crypto_api_usage", "target": "firefox.exe", "feature": "crypto_api_usage", "score": 1.5, "detail": "bcrypt.dll,crypt32.dll,cryptbase.dll"}
2026-04-12 19:27:31,577 [RANSOMWALL] WARNING  {"ts": "2026-04-12T13:57:31.577739+00:00", "pid": 28112, "operation": "crypto_api_usage", "target": "explorer.exe", "feature": "crypto_api_usage", "score": 1.5, "detail": "bcrypt.dll,crypt32.dll,cryptbase.dll,cryptsp.dll,rsaenh.dll"}
2026-04-12 19:27:32,175 [RANSOMWALL] WARNING  {"ts": "2026-04-12T13:57:32.175921+00:00", "pid": 29448, "operation": "crypto_api_usage", "target": "firefox.exe", "feature": "crypto_api_usage", "score": 1.5, "detail": "bcrypt.dll,crypt32.dll,cryptbase.dll"}
2026-04-12 19:27:32,456 [RANSOMWALL] WARNING  {"ts": "2026-04-12T13:57:32.456640+00:00", "pid": 30404, "operation": "crypto_api_usage", "target": "msedgewebview2.exe", "feature": "crypto_api_usage", "score": 1.5, "detail": "bcrypt.dll,crypt32.dll,cryptbase.dll,cryptsp.dll,rsaenh.dll"}
2026-04-12 19:27:32,816 [RANSOMWALL] WARNING  {"ts": "2026-04-12T13:57:32.816004+00:00", "pid": 30932, "operation": "crypto_api_usage", "target": "filecoauth.exe", "feature": "crypto_api_usage", "score": 1.5, "detail": "bcrypt.dll,crypt32.dll,cryptbase.dll,cryptsp.dll,rsaenh.dll"}
2026-04-12 19:27:32,905 [RANSOMWALL] WARNING  {"ts": "2026-04-12T13:57:32.905738+00:00", "pid": 31448, "operation": "crypto_api_usage", "target": "firefox.exe", "feature": "crypto_api_usage", "score": 1.5, "detail": "bcrypt.dll,crypt32.dll,cryptbase.dll"}
2026-04-12 19:27:33,019 [RANSOMWALL] WARNING  {"ts": "2026-04-12T13:57:33.019064+00:00", "pid": 31960, "operation": "crypto_api_usage", "target": "desktopextension.exe", "feature": "crypto_api_usage", "score": 1.5, "detail": "bcrypt.dll,crypt32.dll,cryptbase.dll,cryptsp.dll,rsaenh.dll"}
2026-04-12 19:27:33,238 [RANSOMWALL] WARNING  {"ts": "2026-04-12T13:57:33.238006+00:00", "pid": 33188, "operation": "crypto_api_usage", "target": "firefox.exe", "feature": "crypto_api_usage", "score": 1.5, "detail": "bcrypt.dll,crypt32.dll,cryptbase.dll"}
2026-04-12 19:27:33,691 [RANSOMWALL] WARNING  {"ts": "2026-04-12T13:57:33.691613+00:00", "pid": 35352, "operation": "crypto_api_usage", "target": "slack.exe", "feature": "crypto_api_usage", "score": 1.5, "detail": "bcrypt.dll,crypt32.dll,cryptbase.dll,cryptsp.dll,rsaenh.dll"}
2026-04-12 19:27:33,887 [RANSOMWALL] WARNING  {"ts": "2026-04-12T13:57:33.887340+00:00", "pid": 35944, "operation": "crypto_api_usage", "target": "code.exe", "feature": "crypto_api_usage", "score": 1.5, "detail": "bcrypt.dll,crypt32.dll,cryptbase.dll"}
2026-04-12 19:27:34,108 [RANSOMWALL] WARNING  {"ts": "2026-04-12T13:57:34.108478+00:00", "pid": 36036, "operation": "crypto_api_usage", "target": "hpsystemeventutilitybackground.exe", "feature": "crypto_api_usage", "score": 1.5, "detail": "bcrypt.dll,crypt32.dll,cryptbase.dll,cryptsp.dll,rsaenh.dll"}
2026-04-12 19:27:34,462 [RANSOMWALL] WARNING  {"ts": "2026-04-12T13:57:34.462286+00:00", "pid": 36960, "operation": "crypto_api_usage", "target": "phoneexperiencehost.exe", "feature": "crypto_api_usage", "score": 1.5, "detail": "bcrypt.dll,crypt32.dll,cryptbase.dll,cryptsp.dll,rsaenh.dll"}
2026-04-12 19:27:34,825 [RANSOMWALL] WARNING  {"ts": "2026-04-12T13:57:34.825739+00:00", "pid": 38192, "operation": "crypto_api_usage", "target": "firefox.exe", "feature": "crypto_api_usage", "score": 1.5, "detail": "bcrypt.dll,crypt32.dll,cryptbase.dll"}
2026-04-12 19:27:34,918 [RANSOMWALL] WARNING  {"ts": "2026-04-12T13:57:34.918576+00:00", "pid": 38256, "operation": "crypto_api_usage", "target": "hpmedianetwork.exe", "feature": "crypto_api_usage", "score": 1.5, "detail": "bcrypt.dll,crypt32.dll,cryptbase.dll,cryptsp.dll,rsaenh.dll"}
2026-04-12 19:27:35,054 [RANSOMWALL] WARNING  {"ts": "2026-04-12T13:57:35.054765+00:00", "pid": 38276, "operation": "crypto_api_usage", "target": "svchost.exe", "feature": "crypto_api_usage", "score": 1.5, "detail": "bcrypt.dll,cryptbase.dll,cryptsp.dll"}
2026-04-12 19:27:35,266 [RANSOMWALL] WARNING  {"ts": "2026-04-12T13:57:35.266381+00:00", "pid": 38824, "operation": "crypto_api_usage", "target": "svchost.exe", "feature": "crypto_api_usage", "score": 1.5, "detail": "bcrypt.dll,crypt32.dll,cryptbase.dll"}
2026-04-12 19:27:35,373 [RANSOMWALL] WARNING  {"ts": "2026-04-12T13:57:35.373438+00:00", "pid": 39028, "operation": "crypto_api_usage", "target": "widgetservice.exe", "feature": "crypto_api_usage", "score": 1.5, "detail": "bcrypt.dll,crypt32.dll,cryptbase.dll"}
2026-04-12 19:27:35,593 [RANSOMWALL] WARNING  {"ts": "2026-04-12T13:57:35.592233+00:00", "pid": 39308, "operation": "crypto_api_usage", "target": "firefox.exe", "feature": "crypto_api_usage", "score": 1.5, "detail": "bcrypt.dll,crypt32.dll,cryptbase.dll"}
2026-04-12 19:27:35,722 [RANSOMWALL] WARNING  {"ts": "2026-04-12T13:57:35.722370+00:00", "pid": 40056, "operation": "crypto_api_usage", "target": "backgroundtaskhost.exe", "feature": "crypto_api_usage", "score": 1.5, "detail": "bcrypt.dll,crypt32.dll,cryptbase.dll"}
2026-04-12 19:27:36,146 [RANSOMWALL] WARNING  {"ts": "2026-04-12T13:57:36.146906+00:00", "pid": 40940, "operation": "crypto_api_usage", "target": "msedge.exe", "feature": "crypto_api_usage", "score": 1.5, "detail": "bcrypt.dll,crypt32.dll,cryptbase.dll,cryptsp.dll,rsaenh.dll"}
2026-04-12 19:27:36,560 [RANSOMWALL] WARNING  {"ts": "2026-04-12T13:57:36.560834+00:00", "pid": 41684, "operation": "crypto_api_usage", "target": "slack.exe", "feature": "crypto_api_usage", "score": 1.5, "detail": "bcrypt.dll,crypt32.dll,cryptbase.dll"}
2026-04-12 19:27:36,792 [RANSOMWALL] WARNING  {"ts": "2026-04-12T13:57:36.792192+00:00", "pid": 41864, "operation": "crypto_api_usage", "target": "firefox.exe", "feature": "crypto_api_usage", "score": 1.5, "detail": "bcrypt.dll,crypt32.dll,cryptbase.dll"}
2026-04-12 19:27:36,898 [RANSOMWALL] WARNING  {"ts": "2026-04-12T13:57:36.898301+00:00", "pid": 42280, "operation": "crypto_api_usage", "target": "appactions.exe", "feature": "crypto_api_usage", "score": 1.5, "detail": "bcrypt.dll,crypt32.dll,cryptbase.dll"}
2026-04-12 19:27:37,282 [RANSOMWALL] WARNING  {"ts": "2026-04-12T13:57:37.282521+00:00", "pid": 42880, "operation": "crypto_api_usage", "target": "msedgewebview2.exe", "feature": "crypto_api_usage", "score": 1.5, "detail": "bcrypt.dll,crypt32.dll,cryptbase.dll,cryptsp.dll,rsaenh.dll"}
2026-04-12 19:27:37,477 [RANSOMWALL] WARNING  {"ts": "2026-04-12T13:57:37.477124+00:00", "pid": 42948, "operation": "crypto_api_usage", "target": "firefox.exe", "feature": "crypto_api_usage", "score": 1.5, "detail": "bcrypt.dll,crypt32.dll,cryptbase.dll,cryptsp.dll,rsaenh.dll"}
2026-04-12 19:27:37,744 [RANSOMWALL] WARNING  {"ts": "2026-04-12T13:57:37.744722+00:00", "pid": 42992, "operation": "crypto_api_usage", "target": "rtkauduservice64.exe", "feature": "crypto_api_usage", "score": 1.5, "detail": "bcrypt.dll,crypt32.dll,cryptbase.dll,cryptsp.dll,rsaenh.dll"}
2026-04-12 19:27:38,848 [RANSOMWALL] WARNING  {"ts": "2026-04-12T13:57:38.848826+00:00", "pid": 44572, "operation": "crypto_api_usage", "target": "firefox.exe", "feature": "crypto_api_usage", "score": 1.5, "detail": "bcrypt.dll,crypt32.dll,cryptbase.dll"}
2026-04-12 19:27:39,392 [RANSOMWALL] WARNING  {"ts": "2026-04-12T13:57:39.392184+00:00", "pid": 46156, "operation": "crypto_api_usage", "target": "igcctray.exe", "feature": "crypto_api_usage", "score": 1.5, "detail": "bcrypt.dll,crypt32.dll,cryptbase.dll,cryptsp.dll,rsaenh.dll"}
2026-04-12 19:27:39,660 [RANSOMWALL] WARNING  {"ts": "2026-04-12T13:57:39.660294+00:00", "pid": 46640, "operation": "crypto_api_usage", "target": "runtimebroker.exe", "feature": "crypto_api_usage", "score": 1.5, "detail": "bcrypt.dll,crypt32.dll,cryptbase.dll"}
2026-04-12 19:27:39,862 [RANSOMWALL] WARNING  {"ts": "2026-04-12T13:57:39.862130+00:00", "pid": 47172, "operation": "crypto_api_usage", "target": "firefox.exe", "feature": "crypto_api_usage", "score": 1.5, "detail": "bcrypt.dll,crypt32.dll,cryptbase.dll"}
2026-04-12 19:27:39,966 [RANSOMWALL] WARNING  {"ts": "2026-04-12T13:57:39.966462+00:00", "pid": 47188, "operation": "crypto_api_usage", "target": "svchost.exe", "feature": "crypto_api_usage", "score": 1.5, "detail": "bcrypt.dll,crypt32.dll,cryptbase.dll,cryptsp.dll,rsaenh.dll"}
2026-04-12 19:27:40,101 [RANSOMWALL] WARNING  {"ts": "2026-04-12T13:57:40.101890+00:00", "pid": 47264, "operation": "crypto_api_usage", "target": "m365copilot.exe", "feature": "crypto_api_usage", "score": 1.5, "detail": "bcrypt.dll,crypt32.dll,cryptbase.dll,cryptsp.dll,rsaenh.dll"}
2026-04-12 19:28:27,558 [RANSOMWALL] INFO  [TrapLayer] Shutting down…
2026-04-12 19:28:40,969 [RANSOMWALL] INFO  [HoneyFileManager] Cleanup complete.
2026-04-12 19:28:40,970 [RANSOMWALL] INFO  [TrapLayer] Shutdown complete.
